+cd "c:\Users\eshwa\github-classroom\FPC-advanced\fpc-advanced-classroom-1st-year-assignment-Akshaya7483\set01"
"c:\Users\eshwa\github-classroom\FPC-advanced\fpc-advanced-classroom-1st-year-assignment-Akshaya7483\set01": Invalid argument.
+gdb ./problem02
Undefined command: "gdb".  Try "help".
+c
The program is not being run.
+set logging file problem02_debug.log
+set logging enabled on
Undefined set logging command: "enabled on".  Try "help set logging".
+set logging on
Already logging to problem01_debug.log.
+set trace-commands on
+cd "c:\Users\eshwa\github-classroom\FPC-advanced\fpc-advanced-classroom-1st-year-assignment-Akshaya7483\set01"
"c:\Users\eshwa\github-classroom\FPC-advanced\fpc-advanced-classroom-1st-year-assignment-Akshaya7483\set01": Invalid argument.
+gcc -g "c:\Users\eshwa\github-classroom\FPC-advanced\fpc-advanced-classroom-1st-year-assignment-Akshaya7483\set01\problem02.c" -o "c:\Users\eshwa\github-classroom\FPC-advanced\fpc-advanced-classroom-1st-year-assignment-Akshaya7483\set01\problem02.exe" 2>&1
Undefined command: "gcc".  Try "help".
+"c:\Users\eshwa\github-classroom\FPC-advanced\fpc-advanced-classroom-1st-year-assignment-Akshaya7483\set01\problem02.exe"
Undefined command: "".  Try "help".
+cd "c:\Users\eshwa\github-classroom\FPC-advanced\fpc-advanced-classroom-1st-year-assignment-Akshaya7483\set01"
"c:\Users\eshwa\github-classroom\FPC-advanced\fpc-advanced-classroom-1st-year-assignment-Akshaya7483\set01": Invalid argument.
+gdb ./problem02
Undefined command: "gdb".  Try "help".
+c
The program is not being run.
+set logging file problem02_debug.log
+set logging enabled on
Undefined set logging command: "enabled on".  Try "help set logging".
+set logging on
Already logging to problem01_debug.log.
+set trace-commands on
Quit (expect signal SIGINT when the program is resumed)
Quit (expect signal SIGINT when the program is resumed)
Quit (expect signal SIGINT when the program is resumed)
Quit (expect signal SIGINT when the program is resumed)
+clear
No source file specified.
+cd "c:\Users\eshwa\github-classroom\FPC-advanced\fpc-advanced-classroom-1st-year-assignment-Akshaya7483\set01"
"c:\Users\eshwa\github-classroom\FPC-advanced\fpc-advanced-classroom-1st-year-assignment-Akshaya7483\set01": Invalid argument.
+gcc -g "c:\Users\eshwa\github-classroom\FPC-advanced\fpc-advanced-classroom-1st-year-assignment-Akshaya7483\set01\problem03.c" -o "c:\Users\eshwa\github-classroom\FPC-advanced\fpc-advanced-classroom-1st-year-assignment-Akshaya7483\set01\problem03.exe" 2>&1
Undefined command: "gcc".  Try "help".
